<?xml version="1.0" encoding="UTF-8"?>
<!-- Generated by org.testng.reporters.JUnitReportReporter -->
<testsuite hostname="QA1073" failures="0" tests="1" name="com.leaftaps.ui.tests.CreateLead" time="15.069" errors="0" timestamp="2022-08-06T12:32:00 IST" skipped="0">
  <testcase classname="com.leaftaps.ui.tests.CreateLead" name="test" time="15.069"/>
  <system-out/>
</testsuite> <!-- com.leaftaps.ui.tests.CreateLead -->
