<?xml version="1.0" encoding="UTF-8"?>
<!-- Generated by org.testng.reporters.JUnitReportReporter -->
<testsuite hostname="Gangadaran" failures="0" tests="1" name="testng.EditLead" time="17.532" errors="0" timestamp="2022-09-04T14:42:49 IST" skipped="0">
  <testcase classname="testng.EditLead" name="main" time="17.532"/>
  <system-out/>
</testsuite> <!-- testng.EditLead -->
