<?xml version="1.0" encoding="UTF-8"?>
<!-- Generated by org.testng.reporters.JUnitReportReporter -->
<testsuite hostname="Gangadaran" failures="0" tests="2" name="testng.LearnAttributes2" time="0.006" errors="0" timestamp="2022-09-05T00:19:07 IST" skipped="1">
  <testcase classname="testng.LearnAttributes2" name="login" time="0.006"/>
  <system-out/>
  <testcase classname="testng.LearnAttributes2" name="signUp">
    <skipped/>
  </testcase> <!-- signUp -->
  <system-out/>
</testsuite> <!-- testng.LearnAttributes2 -->
