<?xml version="1.0" encoding="UTF-8"?>
<!-- Generated by org.testng.reporters.JUnitReportReporter -->
<testsuite hostname="Gangadaran" failures="0" tests="5" name="testng.LearnAttributes1" time="0.018" errors="0" timestamp="2022-09-04T18:23:28 IST" skipped="0">
  <testcase classname="testng.LearnAttributes1" name="orderPlaced" time="0.006"/>
  <system-out/>
  <testcase classname="testng.LearnAttributes1" name="payment" time="0.001"/>
  <system-out/>
  <testcase classname="testng.LearnAttributes1" name="searchProduct" time="0.002"/>
  <system-out/>
  <testcase classname="testng.LearnAttributes1" name="selectProduct" time="0.002"/>
  <system-out/>
  <testcase classname="testng.LearnAttributes1" name="signUp" time="0.007"/>
  <system-out/>
</testsuite> <!-- testng.LearnAttributes1 -->
