<?xml version="1.0" encoding="UTF-8"?>
<!-- Generated by org.testng.reporters.JUnitReportReporter -->
<testsuite hostname="QA1073" failures="0" tests="2" name="com.leaftaps.ui.tests.VerifyLogin" time="12.584" errors="0" timestamp="2022-08-06T13:30:31 IST" skipped="0">
  <testcase classname="com.leaftaps.ui.tests.VerifyLogin" name="test" time="7.996"/>
  <system-out/>
  <testcase classname="com.leaftaps.ui.tests.VerifyLogin" name="test" time="4.588"/>
  <system-out/>
</testsuite> <!-- com.leaftaps.ui.tests.VerifyLogin -->
