<?xml version="1.0" encoding="UTF-8"?>
<!-- Generated by org.testng.reporters.JUnitReportReporter -->
<testsuite hostname="Gangadaran" failures="0" tests="2" name="testng.CreateLead" time="30.662" errors="0" timestamp="2022-09-05T13:14:08 IST" skipped="0">
  <testcase classname="testng.CreateLead" name="main" time="14.844"/>
  <system-out/>
  <testcase classname="testng.CreateLead" name="main" time="15.818"/>
  <system-out/>
</testsuite> <!-- testng.CreateLead -->
